<?xml version="1.0" encoding="UTF-8"?>
<!-- Generated by org.testng.reporters.JUnitReportReporter -->
<testsuite hostname="RNT-PUN-1228" failures="0" tests="1" name="seleniumDemo.SeleniumDemo.parallelAutomation" time="12.711" errors="0" timestamp="2023-12-21T12:26:44 IST" skipped="0">
  <testcase classname="seleniumDemo.SeleniumDemo.parallelAutomation" name="clickOnSpecificLink" time="12.711"/>
  <system-out/>
</testsuite> <!-- seleniumDemo.SeleniumDemo.parallelAutomation -->
