<?xml version="1.0" encoding="UTF-8"?>
<!-- Generated by org.testng.reporters.JUnitReportReporter -->
<testsuite hostname="RNT-PUN-1228" failures="0" tests="1" name="seleniumDemo.SeleniumDemo.Usecase9" time="330.706" errors="0" timestamp="2023-12-18T11:26:25 IST" skipped="0">
  <testcase classname="seleniumDemo.SeleniumDemo.Usecase9" name="testClickEachLink" time="330.706"/>
  <system-out/>
</testsuite> <!-- seleniumDemo.SeleniumDemo.Usecase9 -->
