<?xml version="1.0" encoding="UTF-8"?>
<!-- Generated by org.testng.reporters.JUnitReportReporter -->
<testsuite hostname="RNT-PUN-1228" failures="0" tests="1" name="seleniumDemo.SeleniumDemo.Usecase2" time="53.644" errors="0" timestamp="2023-12-14T14:27:33 IST" skipped="0">
  <testcase classname="seleniumDemo.SeleniumDemo.Usecase2" name="testClickEachLink" time="53.644"/>
  <system-out/>
</testsuite> <!-- seleniumDemo.SeleniumDemo.Usecase2 -->
