<?xml version="1.0" encoding="UTF-8"?>
<!-- Generated by org.testng.reporters.JUnitReportReporter -->
<testsuite hostname="RNT-PUN-1228" failures="0" tests="1" name="seleniumDemo.SeleniumDemo.TestTestNGTest" time="0.000" errors="0" timestamp="2023-11-23T10:39:56 IST" skipped="1">
  <testcase classname="seleniumDemo.SeleniumDemo.TestTestNGTest" name="openTest" time="0.000">
    <skipped/>
  </testcase> <!-- openTest -->
  <system-out/>
</testsuite> <!-- seleniumDemo.SeleniumDemo.TestTestNGTest -->
