<?xml version="1.0" encoding="UTF-8"?>
<!-- Generated by org.testng.reporters.JUnitReportReporter -->
<testsuite hostname="RNT-PUN-1228" failures="0" tests="1" name="seleniumDemo.SeleniumDemo.WebLink" time="107.064" errors="0" timestamp="2023-12-21T12:06:24 IST" skipped="0">
  <testcase classname="seleniumDemo.SeleniumDemo.WebLink" name="openLinksInTabs" time="107.064"/>
  <system-out/>
</testsuite> <!-- seleniumDemo.SeleniumDemo.WebLink -->
