<?xml version="1.0" encoding="UTF-8"?>
<!-- Generated by org.testng.reporters.JUnitReportReporter -->
<testsuite hostname="RNT-PUN-1228" failures="0" tests="1" name="seleniumDemo.SeleniumDemo.SeleniumTestNG" time="15.440" errors="0" timestamp="2023-12-01T17:30:27 IST" skipped="0">
  <testcase classname="seleniumDemo.SeleniumDemo.SeleniumTestNG" name="findAndClickLink" time="15.440"/>
  <system-out/>
</testsuite> <!-- seleniumDemo.SeleniumDemo.SeleniumTestNG -->
