<?xml version="1.0" encoding="UTF-8"?>
<!-- Generated by org.testng.reporters.JUnitReportReporter -->
<testsuite hostname="RNT-PUN-1228" failures="0" tests="1" name="seleniumDemo.SeleniumDemo.Usecase8" time="203.956" errors="0" timestamp="2023-12-20T20:07:21 IST" skipped="0">
  <testcase classname="seleniumDemo.SeleniumDemo.Usecase8" name="testClickEachLink" time="203.956"/>
  <system-out/>
</testsuite> <!-- seleniumDemo.SeleniumDemo.Usecase8 -->
