<?xml version="1.0" encoding="UTF-8"?>
<!-- Generated by org.testng.reporters.JUnitReportReporter -->
<testsuite hostname="RNT-PUN-1228" failures="0" tests="1" name="seleniumDemo.SeleniumDemo.TestTestNG" time="26.470" errors="0" timestamp="2023-11-27T12:38:13 IST" skipped="0">
  <testcase classname="seleniumDemo.SeleniumDemo.TestTestNG" name="testCaseone" time="26.470"/>
  <system-out/>
</testsuite> <!-- seleniumDemo.SeleniumDemo.TestTestNG -->
