<?xml version="1.0" encoding="UTF-8"?>
<!-- Generated by org.testng.reporters.JUnitReportReporter -->
<testsuite hostname="RNT-PUN-1228" failures="0" tests="1" name="seleniumDemo.SeleniumDemo.WebsiteRNT" time="359.010" errors="0" timestamp="2023-12-21T17:37:09 IST" skipped="0">
  <testcase classname="seleniumDemo.SeleniumDemo.WebsiteRNT" name="testClickEachLink" time="359.010"/>
  <system-out/>
</testsuite> <!-- seleniumDemo.SeleniumDemo.WebsiteRNT -->
