<?xml version="1.0" encoding="UTF-8"?>
<!-- Generated by org.testng.reporters.JUnitReportReporter -->
<testsuite hostname="RNT-PUN-1228" failures="0" tests="1" name="seleniumDemo.SeleniumDemo.Test2" time="10.328" errors="0" timestamp="2023-12-22T16:19:14 IST" skipped="0">
  <testcase classname="seleniumDemo.SeleniumDemo.Test2" name="clickOnSpecificLink" time="10.328"/>
  <system-out/>
</testsuite> <!-- seleniumDemo.SeleniumDemo.Test2 -->
